<?xml version="1.0" encoding="UTF-8"?>
<testng-results ignored="0" total="1" passed="1" failed="0" skipped="0">
  <reporter-output>
  </reporter-output>
  <suite started-at="2024-01-21T12:11:03 IST" name="Default suite" finished-at="2024-01-21T12:11:16 IST" duration-ms="12868">
    <groups>
    </groups>
    <test started-at="2024-01-21T12:11:03 IST" name="Default test" finished-at="2024-01-21T12:11:16 IST" duration-ms="12868">
      <class name="org.tmb.tests.OrangeHRMTests">
        <test-method is-config="true" signature="setUp()[pri:0, instance:org.tmb.tests.OrangeHRMTests@38c6f217]" started-at="2024-01-21T12:11:03 IST" name="setUp" finished-at="2024-01-21T12:11:07 IST" duration-ms="4349" status="PASS">
          <reporter-output>
          </reporter-output>
        </test-method> <!-- setUp -->
        <test-method signature="loginLogoutTest()[pri:0, instance:org.tmb.tests.OrangeHRMTests@38c6f217]" started-at="2024-01-21T12:11:07 IST" name="loginLogoutTest" finished-at="2024-01-21T12:11:16 IST" duration-ms="8281" status="PASS">
          <reporter-output>
          </reporter-output>
        </test-method> <!-- loginLogoutTest -->
        <test-method is-config="true" signature="tearDown()[pri:0, instance:org.tmb.tests.OrangeHRMTests@38c6f217]" started-at="2024-01-21T12:11:16 IST" name="tearDown" finished-at="2024-01-21T12:11:16 IST" duration-ms="189" status="PASS">
          <reporter-output>
          </reporter-output>
        </test-method> <!-- tearDown -->
      </class> <!-- org.tmb.tests.OrangeHRMTests -->
    </test> <!-- Default test -->
  </suite> <!-- Default suite -->
</testng-results>
